2026-04-18 21:03:02,335 - INFO - База данных инициализирована
2026-04-18 21:03:02,345 - INFO - ==================================================
2026-04-18 21:03:02,345 - INFO - ЗАПУСК БОТА
2026-04-18 21:03:02,346 - INFO - Токен: 8456295069...
2026-04-18 21:03:02,346 - INFO - База данных: bot_database.db
2026-04-18 21:03:02,346 - INFO - ==================================================
2026-04-18 21:03:07,936 - INFO - Новый пользователь: 7885915159 (@sweacher)
2026-04-18 21:03:07,942 - INFO - User 7885915159: start - Запуск бота
2026-04-18 21:03:10,972 - INFO - User 7885915159: donate_menu - Открыл меню доната
2026-04-18 21:03:12,865 - INFO - User 7885915159: donate_invoice - Счёт на 1000 Stars
2026-04-18 21:03:18,325 - INFO - User 7885915159: donate_invoice - Счёт на 500 Stars
2026-04-18 21:04:51,442 - INFO - User 7885915159: help - Открыл помощь
2026-04-18 21:06:55,208 - INFO - User 7885915159: search - Поиск: gta 5
2026-04-18 21:07:20,925 - INFO - User 7885915159: search - Поиск: grand theft auto v
2026-04-18 21:07:30,940 - INFO - User 7885915159: search - Поиск: half life 2
2026-04-18 21:07:31,236 - INFO - Отправлена игра half life 2 для 7885915159
2026-04-18 21:07:49,753 - INFO - User 7885915159: search - Поиск: hollow knight
2026-04-18 21:07:50,161 - INFO - Отправлена игра hollow knight для 7885915159
2026-04-18 23:35:39,220 - INFO - База данных инициализирована
2026-04-18 23:35:39,223 - INFO - ==================================================
2026-04-18 23:35:39,223 - INFO - ЗАПУСК БОТА
2026-04-18 23:35:39,223 - INFO - База данных: bot_database.db
2026-04-18 23:35:39,223 - INFO - ==================================================
2026-04-18 23:35:44,019 - CRITICAL - Критическая ошибка: A request to the Telegram API was unsuccessful. Error code: 409. Description: Conflict: terminated by other getUpdates request; make sure that only one bot instance is running
2026-04-18 23:36:20,797 - INFO - База данных инициализирована
2026-04-18 23:36:20,799 - INFO - ==================================================
2026-04-18 23:36:20,799 - INFO - ЗАПУСК БОТА
2026-04-18 23:36:20,799 - INFO - База данных: bot_database.db
2026-04-18 23:36:20,799 - INFO - ==================================================
2026-04-18 23:36:22,144 - INFO - База данных инициализирована
2026-04-18 23:36:22,147 - INFO - ==================================================
2026-04-18 23:36:22,149 - INFO - ЗАПУСК БОТА
2026-04-18 23:36:22,150 - INFO - База данных: bot_database.db
2026-04-18 23:36:22,150 - INFO - ==================================================
2026-04-18 23:36:23,031 - CRITICAL - Критическая ошибка: A request to the Telegram API was unsuccessful. Error code: 409. Description: Conflict: terminated by other getUpdates request; make sure that only one bot instance is running
2026-04-18 23:36:34,319 - INFO - База данных инициализирована
2026-04-18 23:36:34,320 - INFO - ==================================================
2026-04-18 23:36:34,321 - INFO - ЗАПУСК БОТА
2026-04-18 23:36:34,321 - INFO - База данных: bot_database.db
2026-04-18 23:36:34,321 - INFO - ==================================================
2026-04-18 23:37:05,961 - INFO - Отправлена игра fallout 3 для 7885915159
2026-04-18 23:39:42,933 - INFO - База данных инициализирована
2026-04-18 23:39:42,937 - INFO - ==================================================
2026-04-18 23:39:42,937 - INFO - ЗАПУСК БОТА
2026-04-18 23:39:42,937 - INFO - База данных: bot_database.db
2026-04-18 23:39:42,937 - INFO - ==================================================
2026-04-18 23:40:45,963 - INFO - База данных инициализирована
2026-04-18 23:40:45,965 - INFO - ==================================================
2026-04-18 23:40:45,965 - INFO - ЗАПУСК БОТА
2026-04-18 23:40:45,965 - INFO - База данных: bot_database.db
2026-04-18 23:40:45,965 - INFO - ==================================================
2026-04-18 23:41:20,587 - INFO - База данных инициализирована
2026-04-18 23:41:20,589 - INFO - ==================================================
2026-04-18 23:41:20,589 - INFO - ЗАПУСК БОТА
2026-04-18 23:41:20,589 - INFO - База данных: bot_database.db
2026-04-18 23:41:20,589 - INFO - ==================================================
2026-04-18 23:41:52,857 - INFO - База данных инициализирована
2026-04-18 23:41:52,858 - INFO - ==================================================
2026-04-18 23:41:52,859 - INFO - ЗАПУСК БОТА
2026-04-18 23:41:52,859 - INFO - База данных: bot_database.db
2026-04-18 23:41:52,859 - INFO - ==================================================
2026-04-18 23:48:03,631 - INFO - База данных инициализирована
2026-04-18 23:48:03,632 - INFO - ==================================================
2026-04-18 23:48:03,632 - INFO - ЗАПУСК БОТА
2026-04-18 23:48:03,633 - INFO - База данных: bot_database.db
2026-04-18 23:48:03,633 - INFO - ==================================================
2026-04-18 23:48:09,183 - INFO - Отправлена игра fallout 3 для 7885915159
2026-04-18 23:51:18,937 - INFO - База данных инициализирована
2026-04-18 23:51:18,939 - INFO - ==================================================
2026-04-18 23:51:18,939 - INFO - ЗАПУСК БОТА
2026-04-18 23:51:18,939 - INFO - База данных: bot_database.db
2026-04-18 23:51:18,939 - INFO - ==================================================
2026-04-30 00:21:34,632 - INFO - База данных инициализирована
2026-04-30 00:21:34,640 - INFO - ==================================================
2026-04-30 00:21:34,640 - INFO - ЗАПУСК БОТА v4.0
2026-04-30 00:21:34,640 - INFO - База данных: .\bot_database.db
2026-04-30 00:21:34,640 - INFO - ==================================================
2026-04-30 00:22:06,290 - ERROR - Ошибка отправки альбомом игры forza horizon 5: A request to the Telegram API was unsuccessful. Error code: 413. Description: Request Entity Too Large
2026-04-30 00:22:06,291 - INFO - Пробую отправить forza horizon 5 по одному...
2026-04-30 00:31:43,257 - INFO - База данных инициализирована
2026-04-30 00:31:43,259 - INFO - ==================================================
2026-04-30 00:31:43,260 - INFO - ЗАПУСК БОТА v5.0
2026-04-30 00:31:43,261 - INFO - База данных: .\bot_database.db
2026-04-30 00:31:43,261 - INFO - ==================================================
2026-04-30 00:31:59,182 - INFO - Отправлена группа 1/9 для forza horizon 5
2026-04-30 00:32:06,978 - INFO - Отправлена группа 2/9 для forza horizon 5
2026-04-30 00:32:07,762 - INFO - Отправлена группа 3/9 для forza horizon 5
2026-04-30 00:32:12,543 - INFO - Отправлена группа 4/9 для forza horizon 5
2026-04-30 00:32:20,412 - INFO - Отправлена группа 5/9 для forza horizon 5
2026-04-30 00:32:29,074 - ERROR - Ошибка отправки игры forza horizon 5: A request to the Telegram API was unsuccessful. Error code: 429. Description: Too Many Requests: retry after 3
2026-04-30 00:32:29,074 - INFO - Пробую отправить forza horizon 5 по одному...
2026-04-30 00:32:39,213 - INFO - База данных инициализирована
2026-04-30 00:32:39,214 - INFO - ==================================================
2026-04-30 00:32:39,214 - INFO - ЗАПУСК БОТА v4.0
2026-04-30 00:32:39,214 - INFO - База данных: .\bot_database.db
2026-04-30 00:32:39,214 - INFO - ==================================================
2026-04-30 00:32:42,625 - ERROR - Ошибка отправки альбомом игры forza horizon 5: A request to the Telegram API was unsuccessful. Error code: 413. Description: Request Entity Too Large
2026-04-30 00:32:42,625 - INFO - Пробую отправить forza horizon 5 по одному...
2026-05-11 18:02:33,875 - INFO - База данных инициализирована
2026-05-11 18:02:33,876 - INFO - ==================================================
2026-05-11 18:02:33,877 - INFO - ЗАПУСК БОТА v6.0
2026-05-11 18:02:33,877 - INFO - База данных: .\bot_database.db
2026-05-11 18:02:33,877 - INFO - ==================================================
2026-05-11 18:02:45,861 - INFO - Отправлена игра people playground для 7885915159
2026-05-11 18:06:01,542 - INFO - База данных инициализирована
2026-05-11 18:06:01,544 - INFO - ==================================================
2026-05-11 18:06:01,544 - INFO - ЗАПУСК БОТА v6.0
2026-05-11 18:06:01,544 - INFO - База данных: .\bot_database.db
2026-05-11 18:06:01,544 - INFO - ==================================================
2026-05-11 18:06:09,915 - INFO - Отправлена игра people playground (2 файлов) для 7885915159
2026-05-11 18:16:32,377 - INFO - Отправлена игра hello neighbor 2 (5 файлов) для 7885915159
2026-05-11 18:19:55,162 - INFO - User 7885915159: start - Запуск бота
2026-05-11 18:20:43,083 - INFO - Отправлена игра artmoney (2 файлов) для 7885915159
2026-05-11 18:21:44,190 - INFO - Отправлена игра hello neighbor 2 (5 файлов) для 8246270380
2026-05-11 19:17:51,960 - CRITICAL - Критическая ошибка: HTTPSConnectionPool(host='api.telegram.org', port=443): Read timed out. (read timeout=25)
2026-05-11 22:23:59,331 - INFO - База данных инициализирована
2026-05-11 22:23:59,333 - INFO - ==================================================
2026-05-11 22:23:59,333 - INFO - ЗАПУСК БОТА v6.0
2026-05-11 22:23:59,334 - INFO - База данных: .\bot_database.db
2026-05-11 22:23:59,334 - INFO - ==================================================
2026-05-11 22:24:06,506 - CRITICAL - Критическая ошибка: HTTPSConnectionPool(host='api.telegram.org', port=443): Max retries exceeded with url: /bot8456295069:AAGz48djuL19fYnn9FCz8DgJRQgIO6rLlq0/getUpdates?offset=-1&timeout=20 (Caused by NewConnectionError("HTTPSConnection(host='api.telegram.org', port=443): Failed to establish a new connection: [WinError 10053] Программа на вашем хост-компьютере разорвала установленное подключение"))
2026-05-11 22:24:44,634 - INFO - База данных инициализирована
2026-05-11 22:24:44,635 - INFO - ==================================================
2026-05-11 22:24:44,635 - INFO - ЗАПУСК БОТА v6.0
2026-05-11 22:24:44,635 - INFO - База данных: .\bot_database.db
2026-05-11 22:24:44,636 - INFO - ==================================================
2026-05-11 22:31:28,675 - CRITICAL - Критическая ошибка: ('Connection aborted.', ConnectionResetError(10054, 'Удаленный хост принудительно разорвал существующее подключение', None, 10054, None))
2026-05-18 00:45:36,590 - INFO - База данных инициализирована
2026-05-18 00:45:36,668 - INFO - ==================================================
2026-05-18 00:45:36,668 - INFO - ЗАПУСК БОТА v6.0
2026-05-18 00:45:36,677 - INFO - База данных: .\bot_database.db
2026-05-18 00:45:36,678 - INFO - ==================================================
2026-05-18 00:50:27,420 - INFO - База данных инициализирована
2026-05-18 00:50:27,421 - INFO - ==================================================
2026-05-18 00:50:27,421 - INFO - ЗАПУСК БОТА v6.0
2026-05-18 00:50:27,422 - INFO - База данных: .\bot_database.db
2026-05-18 00:50:27,422 - INFO - ==================================================
2026-05-18 00:53:53,193 - INFO - База данных инициализирована
2026-05-18 00:53:53,194 - INFO - ==================================================
2026-05-18 00:53:53,194 - INFO - ЗАПУСК БОТА v6.0
2026-05-18 00:53:53,194 - INFO - База данных: .\bot_database.db
2026-05-18 00:53:53,194 - INFO - ==================================================
2026-05-18 00:56:08,496 - INFO - База данных инициализирована
2026-05-18 00:56:08,498 - INFO - ==================================================
2026-05-18 00:56:08,498 - INFO - ЗАПУСК БОТА v6.0
2026-05-18 00:56:08,498 - INFO - База данных: .\bot_database.db
2026-05-18 00:56:08,498 - INFO - ==================================================
2026-05-18 00:56:27,032 - INFO - База данных инициализирована
2026-05-18 00:56:27,033 - INFO - ==================================================
2026-05-18 00:56:27,033 - INFO - ЗАПУСК БОТА v6.0
2026-05-18 00:56:27,033 - INFO - База данных: .\bot_database.db
2026-05-18 00:56:27,033 - INFO - ==================================================
2026-05-18 01:05:40,434 - INFO - База данных инициализирована
2026-05-18 01:05:40,436 - INFO - ==================================================
2026-05-18 01:05:40,436 - INFO - ЗАПУСК БОТА v7.0
2026-05-18 01:05:40,436 - INFO - База данных: .\bot_database.db
2026-05-18 01:05:40,437 - INFO - ==================================================
2026-05-18 01:05:52,429 - INFO - Отправлена игра inscription (1 файлов) для 7885915159
2026-05-18 01:06:14,550 - INFO - Отправлена игра pragmata (18 файлов) для 7885915159
2026-05-18 01:08:45,290 - INFO - База данных инициализирована
2026-05-18 01:08:45,291 - INFO - ==================================================
2026-05-18 01:08:45,291 - INFO - ЗАПУСК БОТА v7.0
2026-05-18 01:08:45,291 - INFO - База данных: .\bot_database.db
2026-05-18 01:08:45,291 - INFO - ==================================================
2026-05-18 01:09:05,844 - INFO - Отправлена игра inscription (2 файлов) для 7885915159
2026-05-18 01:13:27,481 - INFO - База данных инициализирована
2026-05-18 01:13:27,482 - INFO - ==================================================
2026-05-18 01:13:27,482 - INFO - ЗАПУСК БОТА v7.0
2026-05-18 01:13:27,482 - INFO - База данных: .\bot_database.db
2026-05-18 01:13:27,483 - INFO - ==================================================
2026-05-18 01:13:45,990 - INFO - Отправлена игра pragmata (17 файлов) для 7885915159
2026-05-18 01:14:50,004 - INFO - База данных инициализирована
2026-05-18 01:14:50,005 - INFO - ==================================================
2026-05-18 01:14:50,005 - INFO - ЗАПУСК БОТА v7.0
2026-05-18 01:14:50,005 - INFO - База данных: .\bot_database.db
2026-05-18 01:14:50,005 - INFO - ==================================================
2026-05-18 01:15:12,580 - INFO - Отправлена игра pragmata (19 файлов) для 7885915159
2026-05-18 18:49:39,690 - INFO - База данных инициализирована
2026-05-18 18:49:39,692 - INFO - ==================================================
2026-05-18 18:49:39,692 - INFO - ЗАПУСК БОТА v7.0
2026-05-18 18:49:39,692 - INFO - База данных: .\bot_database.db
2026-05-18 18:49:39,692 - INFO - ==================================================
2026-05-18 18:50:19,165 - INFO - База данных инициализирована
2026-05-18 18:50:19,167 - INFO - ==================================================
2026-05-18 18:50:19,167 - INFO - ЗАПУСК БОТА v7.0
2026-05-18 18:50:19,167 - INFO - База данных: .\bot_database.db
2026-05-18 18:50:19,167 - INFO - ==================================================
2026-05-18 18:53:23,124 - INFO - База данных инициализирована
2026-05-18 18:53:23,125 - INFO - ==================================================
2026-05-18 18:53:23,125 - INFO - ЗАПУСК БОТА v7.0
2026-05-18 18:53:23,125 - INFO - База данных: .\bot_database.db
2026-05-18 18:53:23,125 - INFO - ==================================================
2026-05-18 18:54:39,444 - INFO - База данных инициализирована
2026-05-18 18:54:39,447 - INFO - ==================================================
2026-05-18 18:54:39,447 - INFO - ЗАПУСК БОТА v7.0
2026-05-18 18:54:39,448 - INFO - База данных: .\bot_database.db
2026-05-18 18:54:39,448 - INFO - ==================================================
2026-05-18 18:55:45,947 - INFO - База данных инициализирована
2026-05-18 18:55:45,948 - INFO - ==================================================
2026-05-18 18:55:45,948 - INFO - ЗАПУСК БОТА v7.0
2026-05-18 18:55:45,948 - INFO - База данных: .\bot_database.db
2026-05-18 18:55:45,948 - INFO - ==================================================
2026-05-18 18:55:52,233 - INFO - Отправлена игра stalker call of pripyat (3 файлов) для 7885915159
2026-05-19 18:13:45,642 - INFO - База данных инициализирована
2026-05-19 18:13:45,645 - INFO - ==================================================
2026-05-19 18:13:45,645 - INFO - ЗАПУСК БОТА v7.0
2026-05-19 18:13:45,645 - INFO - База данных: .\bot_database.db
2026-05-19 18:13:45,645 - INFO - ==================================================
2026-05-19 18:13:50,181 - CRITICAL - Критическая ошибка: A request to the Telegram API was unsuccessful. Error code: 409. Description: Conflict: terminated by other getUpdates request; make sure that only one bot instance is running
2026-05-19 18:14:07,602 - INFO - База данных инициализирована
2026-05-19 18:14:07,603 - INFO - ==================================================
2026-05-19 18:14:07,604 - INFO - ЗАПУСК БОТА v7.0
2026-05-19 18:14:07,604 - INFO - База данных: .\bot_database.db
2026-05-19 18:14:07,604 - INFO - ==================================================
2026-05-19 18:14:10,398 - INFO - Отправлена игра cybernetic fault (3 файлов) для 7885915159
2026-05-19 18:15:50,492 - INFO - Отправлена игра rauniot (11 файлов) для 7885915159
2026-05-22 19:54:28,464 - INFO - База данных инициализирована
2026-05-22 19:54:28,466 - INFO - ==================================================
2026-05-22 19:54:28,466 - INFO - ЗАПУСК БОТА v7.0
2026-05-22 19:54:28,466 - INFO - База данных: .\bot_database.db
2026-05-22 19:54:28,466 - INFO - ==================================================
2026-05-22 19:54:32,477 - CRITICAL - Критическая ошибка: A request to the Telegram API was unsuccessful. Error code: 409. Description: Conflict: terminated by other getUpdates request; make sure that only one bot instance is running
2026-05-22 19:54:40,718 - INFO - База данных инициализирована
2026-05-22 19:54:40,720 - INFO - ==================================================
2026-05-22 19:54:40,720 - INFO - ЗАПУСК БОТА v7.0
2026-05-22 19:54:40,721 - INFO - База данных: .\bot_database.db
2026-05-22 19:54:40,721 - INFO - ==================================================
2026-05-22 19:54:46,989 - INFO - База данных инициализирована
2026-05-22 19:54:46,990 - INFO - ==================================================
2026-05-22 19:54:46,990 - INFO - ЗАПУСК БОТА v7.0
2026-05-22 19:54:46,990 - INFO - База данных: .\bot_database.db
2026-05-22 19:54:46,991 - INFO - ==================================================
2026-05-22 19:54:59,506 - INFO - Отправлена игра subnautica 2 (8 файлов) для 7885915159
2026-05-22 19:55:10,728 - INFO - Отправлена игра endoparasitic (2 файлов) для 7885915159
